[2021-05-04 20:35:29] local.ERROR: There are no commands defined in the "key" namespace. {"exception":"[object] (Symfony\\Component\\Console\\Exception\\NamespaceNotFoundException(code: 0): There are no commands defined in the \"key\" namespace. at C:\\dev\\cms-talent-sandbox\\lumen-graphql\\vendor\\symfony\\console\\Application.php:605)
[stacktrace]
#0 C:\\dev\\cms-talent-sandbox\\lumen-graphql\\vendor\\symfony\\console\\Application.php(656): Symfony\\Component\\Console\\Application->findNamespace('key')
#1 C:\\dev\\cms-talent-sandbox\\lumen-graphql\\vendor\\symfony\\console\\Application.php(254): Symfony\\Component\\Console\\Application->find('key:generate')
#2 C:\\dev\\cms-talent-sandbox\\lumen-graphql\\vendor\\symfony\\console\\Application.php(166): Symfony\\Component\\Console\\Application->doRun(Object(Symfony\\Component\\Console\\Input\\ArgvInput), Object(Symfony\\Component\\Console\\Output\\ConsoleOutput))
#3 C:\\dev\\cms-talent-sandbox\\lumen-graphql\\vendor\\illuminate\\console\\Application.php(92): Symfony\\Component\\Console\\Application->run(Object(Symfony\\Component\\Console\\Input\\ArgvInput), Object(Symfony\\Component\\Console\\Output\\ConsoleOutput))
#4 C:\\dev\\cms-talent-sandbox\\lumen-graphql\\vendor\\laravel\\lumen-framework\\src\\Console\\Kernel.php(116): Illuminate\\Console\\Application->run(Object(Symfony\\Component\\Console\\Input\\ArgvInput), Object(Symfony\\Component\\Console\\Output\\ConsoleOutput))
#5 C:\\dev\\cms-talent-sandbox\\lumen-graphql\\artisan(35): Laravel\\Lumen\\Console\\Kernel->handle(Object(Symfony\\Component\\Console\\Input\\ArgvInput), Object(Symfony\\Component\\Console\\Output\\ConsoleOutput))
#6 {main}
"} 
[2021-05-04 20:44:22] local.ERROR: There are no commands defined in the "vendor" namespace. {"exception":"[object] (Symfony\\Component\\Console\\Exception\\NamespaceNotFoundException(code: 0): There are no commands defined in the \"vendor\" namespace. at C:\\dev\\cms-talent-sandbox\\lumen-graphql\\vendor\\symfony\\console\\Application.php:605)
[stacktrace]
#0 C:\\dev\\cms-talent-sandbox\\lumen-graphql\\vendor\\symfony\\console\\Application.php(656): Symfony\\Component\\Console\\Application->findNamespace('vendor')
#1 C:\\dev\\cms-talent-sandbox\\lumen-graphql\\vendor\\symfony\\console\\Application.php(254): Symfony\\Component\\Console\\Application->find('vendor:publish')
#2 C:\\dev\\cms-talent-sandbox\\lumen-graphql\\vendor\\symfony\\console\\Application.php(166): Symfony\\Component\\Console\\Application->doRun(Object(Symfony\\Component\\Console\\Input\\ArgvInput), Object(Symfony\\Component\\Console\\Output\\ConsoleOutput))
#3 C:\\dev\\cms-talent-sandbox\\lumen-graphql\\vendor\\illuminate\\console\\Application.php(92): Symfony\\Component\\Console\\Application->run(Object(Symfony\\Component\\Console\\Input\\ArgvInput), Object(Symfony\\Component\\Console\\Output\\ConsoleOutput))
#4 C:\\dev\\cms-talent-sandbox\\lumen-graphql\\vendor\\laravel\\lumen-framework\\src\\Console\\Kernel.php(116): Illuminate\\Console\\Application->run(Object(Symfony\\Component\\Console\\Input\\ArgvInput), Object(Symfony\\Component\\Console\\Output\\ConsoleOutput))
#5 C:\\dev\\cms-talent-sandbox\\lumen-graphql\\artisan(35): Laravel\\Lumen\\Console\\Kernel->handle(Object(Symfony\\Component\\Console\\Input\\ArgvInput), Object(Symfony\\Component\\Console\\Output\\ConsoleOutput))
#6 {main}
"} 
[2021-05-04 21:09:16] local.ERROR: Auth driver [api] for guard [api] is not defined. {"exception":"[object] (InvalidArgumentException(code: 0): Auth driver [api] for guard [api] is not defined. at C:\\dev\\cms-talent-sandbox\\lumen-graphql\\vendor\\illuminate\\auth\\AuthManager.php:97)
[stacktrace]
#0 C:\\dev\\cms-talent-sandbox\\lumen-graphql\\vendor\\illuminate\\auth\\AuthManager.php(68): Illuminate\\Auth\\AuthManager->resolve('api')
#1 C:\\dev\\cms-talent-sandbox\\lumen-graphql\\vendor\
uwave\\lighthouse\\src\\Support\\Http\\Middleware\\AttemptAuthentication.php(45): Illuminate\\Auth\\AuthManager->guard('api')
#2 C:\\dev\\cms-talent-sandbox\\lumen-graphql\\vendor\
uwave\\lighthouse\\src\\Support\\Http\\Middleware\\AttemptAuthentication.php(30): Nuwave\\Lighthouse\\Support\\Http\\Middleware\\AttemptAuthentication->attemptAuthentication(Array)
#3 C:\\dev\\cms-talent-sandbox\\lumen-graphql\\vendor\\illuminate\\pipeline\\Pipeline.php(167): Nuwave\\Lighthouse\\Support\\Http\\Middleware\\AttemptAuthentication->handle(Object(Laravel\\Lumen\\Http\\Request), Object(Closure))
#4 C:\\dev\\cms-talent-sandbox\\lumen-graphql\\vendor\\laravel\\lumen-framework\\src\\Routing\\Pipeline.php(30): Illuminate\\Pipeline\\Pipeline->Illuminate\\Pipeline\\{closure}(Object(Laravel\\Lumen\\Http\\Request))
#5 C:\\dev\\cms-talent-sandbox\\lumen-graphql\\vendor\
uwave\\lighthouse\\src\\Support\\Http\\Middleware\\AcceptJson.php(27): Laravel\\Lumen\\Routing\\Pipeline->Laravel\\Lumen\\Routing\\{closure}(Object(Laravel\\Lumen\\Http\\Request))
#6 C:\\dev\\cms-talent-sandbox\\lumen-graphql\\vendor\\illuminate\\pipeline\\Pipeline.php(167): Nuwave\\Lighthouse\\Support\\Http\\Middleware\\AcceptJson->handle(Object(Laravel\\Lumen\\Http\\Request), Object(Closure))
#7 C:\\dev\\cms-talent-sandbox\\lumen-graphql\\vendor\\laravel\\lumen-framework\\src\\Routing\\Pipeline.php(30): Illuminate\\Pipeline\\Pipeline->Illuminate\\Pipeline\\{closure}(Object(Laravel\\Lumen\\Http\\Request))
#8 C:\\dev\\cms-talent-sandbox\\lumen-graphql\\vendor\\illuminate\\pipeline\\Pipeline.php(103): Laravel\\Lumen\\Routing\\Pipeline->Laravel\\Lumen\\Routing\\{closure}(Object(Laravel\\Lumen\\Http\\Request))
#9 C:\\dev\\cms-talent-sandbox\\lumen-graphql\\vendor\\laravel\\lumen-framework\\src\\Concerns\\RoutesRequests.php(423): Illuminate\\Pipeline\\Pipeline->then(Object(Closure))
#10 C:\\dev\\cms-talent-sandbox\\lumen-graphql\\vendor\\laravel\\lumen-framework\\src\\Concerns\\RoutesRequests.php(260): Laravel\\Lumen\\Application->sendThroughPipeline(Array, Object(Closure))
#11 C:\\dev\\cms-talent-sandbox\\lumen-graphql\\vendor\\laravel\\lumen-framework\\src\\Concerns\\RoutesRequests.php(166): Laravel\\Lumen\\Application->handleFoundRoute(Array)
#12 C:\\dev\\cms-talent-sandbox\\lumen-graphql\\vendor\\laravel\\lumen-framework\\src\\Concerns\\RoutesRequests.php(426): Laravel\\Lumen\\Application->Laravel\\Lumen\\Concerns\\{closure}(Object(Laravel\\Lumen\\Http\\Request))
#13 C:\\dev\\cms-talent-sandbox\\lumen-graphql\\vendor\\laravel\\lumen-framework\\src\\Concerns\\RoutesRequests.php(172): Laravel\\Lumen\\Application->sendThroughPipeline(Array, Object(Closure))
#14 C:\\dev\\cms-talent-sandbox\\lumen-graphql\\vendor\\laravel\\lumen-framework\\src\\Concerns\\RoutesRequests.php(109): Laravel\\Lumen\\Application->dispatch(NULL)
#15 C:\\dev\\cms-talent-sandbox\\lumen-graphql\\public\\index.php(28): Laravel\\Lumen\\Application->run()
#16 {main}
"} 
[2021-05-04 21:10:12] local.ERROR: Auth driver [api] for guard [api] is not defined. {"exception":"[object] (InvalidArgumentException(code: 0): Auth driver [api] for guard [api] is not defined. at C:\\dev\\cms-talent-sandbox\\lumen-graphql\\vendor\\illuminate\\auth\\AuthManager.php:97)
[stacktrace]
#0 C:\\dev\\cms-talent-sandbox\\lumen-graphql\\vendor\\illuminate\\auth\\AuthManager.php(68): Illuminate\\Auth\\AuthManager->resolve('api')
#1 C:\\dev\\cms-talent-sandbox\\lumen-graphql\\vendor\
uwave\\lighthouse\\src\\Support\\Http\\Middleware\\AttemptAuthentication.php(45): Illuminate\\Auth\\AuthManager->guard('api')
#2 C:\\dev\\cms-talent-sandbox\\lumen-graphql\\vendor\
uwave\\lighthouse\\src\\Support\\Http\\Middleware\\AttemptAuthentication.php(30): Nuwave\\Lighthouse\\Support\\Http\\Middleware\\AttemptAuthentication->attemptAuthentication(Array)
#3 C:\\dev\\cms-talent-sandbox\\lumen-graphql\\vendor\\illuminate\\pipeline\\Pipeline.php(167): Nuwave\\Lighthouse\\Support\\Http\\Middleware\\AttemptAuthentication->handle(Object(Laravel\\Lumen\\Http\\Request), Object(Closure))
#4 C:\\dev\\cms-talent-sandbox\\lumen-graphql\\vendor\\laravel\\lumen-framework\\src\\Routing\\Pipeline.php(30): Illuminate\\Pipeline\\Pipeline->Illuminate\\Pipeline\\{closure}(Object(Laravel\\Lumen\\Http\\Request))
#5 C:\\dev\\cms-talent-sandbox\\lumen-graphql\\vendor\
uwave\\lighthouse\\src\\Support\\Http\\Middleware\\AcceptJson.php(27): Laravel\\Lumen\\Routing\\Pipeline->Laravel\\Lumen\\Routing\\{closure}(Object(Laravel\\Lumen\\Http\\Request))
#6 C:\\dev\\cms-talent-sandbox\\lumen-graphql\\vendor\\illuminate\\pipeline\\Pipeline.php(167): Nuwave\\Lighthouse\\Support\\Http\\Middleware\\AcceptJson->handle(Object(Laravel\\Lumen\\Http\\Request), Object(Closure))
#7 C:\\dev\\cms-talent-sandbox\\lumen-graphql\\vendor\\laravel\\lumen-framework\\src\\Routing\\Pipeline.php(30): Illuminate\\Pipeline\\Pipeline->Illuminate\\Pipeline\\{closure}(Object(Laravel\\Lumen\\Http\\Request))
#8 C:\\dev\\cms-talent-sandbox\\lumen-graphql\\vendor\\illuminate\\pipeline\\Pipeline.php(103): Laravel\\Lumen\\Routing\\Pipeline->Laravel\\Lumen\\Routing\\{closure}(Object(Laravel\\Lumen\\Http\\Request))
#9 C:\\dev\\cms-talent-sandbox\\lumen-graphql\\vendor\\laravel\\lumen-framework\\src\\Concerns\\RoutesRequests.php(423): Illuminate\\Pipeline\\Pipeline->then(Object(Closure))
#10 C:\\dev\\cms-talent-sandbox\\lumen-graphql\\vendor\\laravel\\lumen-framework\\src\\Concerns\\RoutesRequests.php(260): Laravel\\Lumen\\Application->sendThroughPipeline(Array, Object(Closure))
#11 C:\\dev\\cms-talent-sandbox\\lumen-graphql\\vendor\\laravel\\lumen-framework\\src\\Concerns\\RoutesRequests.php(166): Laravel\\Lumen\\Application->handleFoundRoute(Array)
#12 C:\\dev\\cms-talent-sandbox\\lumen-graphql\\vendor\\laravel\\lumen-framework\\src\\Concerns\\RoutesRequests.php(426): Laravel\\Lumen\\Application->Laravel\\Lumen\\Concerns\\{closure}(Object(Laravel\\Lumen\\Http\\Request))
#13 C:\\dev\\cms-talent-sandbox\\lumen-graphql\\vendor\\laravel\\lumen-framework\\src\\Concerns\\RoutesRequests.php(172): Laravel\\Lumen\\Application->sendThroughPipeline(Array, Object(Closure))
#14 C:\\dev\\cms-talent-sandbox\\lumen-graphql\\vendor\\laravel\\lumen-framework\\src\\Concerns\\RoutesRequests.php(109): Laravel\\Lumen\\Application->dispatch(NULL)
#15 C:\\dev\\cms-talent-sandbox\\lumen-graphql\\public\\index.php(28): Laravel\\Lumen\\Application->run()
#16 {main}
"} 
[2021-05-04 21:10:17] local.ERROR: Auth driver [api] for guard [api] is not defined. {"exception":"[object] (InvalidArgumentException(code: 0): Auth driver [api] for guard [api] is not defined. at C:\\dev\\cms-talent-sandbox\\lumen-graphql\\vendor\\illuminate\\auth\\AuthManager.php:97)
[stacktrace]
#0 C:\\dev\\cms-talent-sandbox\\lumen-graphql\\vendor\\illuminate\\auth\\AuthManager.php(68): Illuminate\\Auth\\AuthManager->resolve('api')
#1 C:\\dev\\cms-talent-sandbox\\lumen-graphql\\vendor\
uwave\\lighthouse\\src\\Support\\Http\\Middleware\\AttemptAuthentication.php(45): Illuminate\\Auth\\AuthManager->guard('api')
#2 C:\\dev\\cms-talent-sandbox\\lumen-graphql\\vendor\
uwave\\lighthouse\\src\\Support\\Http\\Middleware\\AttemptAuthentication.php(30): Nuwave\\Lighthouse\\Support\\Http\\Middleware\\AttemptAuthentication->attemptAuthentication(Array)
#3 C:\\dev\\cms-talent-sandbox\\lumen-graphql\\vendor\\illuminate\\pipeline\\Pipeline.php(167): Nuwave\\Lighthouse\\Support\\Http\\Middleware\\AttemptAuthentication->handle(Object(Laravel\\Lumen\\Http\\Request), Object(Closure))
#4 C:\\dev\\cms-talent-sandbox\\lumen-graphql\\vendor\\laravel\\lumen-framework\\src\\Routing\\Pipeline.php(30): Illuminate\\Pipeline\\Pipeline->Illuminate\\Pipeline\\{closure}(Object(Laravel\\Lumen\\Http\\Request))
#5 C:\\dev\\cms-talent-sandbox\\lumen-graphql\\vendor\
uwave\\lighthouse\\src\\Support\\Http\\Middleware\\AcceptJson.php(27): Laravel\\Lumen\\Routing\\Pipeline->Laravel\\Lumen\\Routing\\{closure}(Object(Laravel\\Lumen\\Http\\Request))
#6 C:\\dev\\cms-talent-sandbox\\lumen-graphql\\vendor\\illuminate\\pipeline\\Pipeline.php(167): Nuwave\\Lighthouse\\Support\\Http\\Middleware\\AcceptJson->handle(Object(Laravel\\Lumen\\Http\\Request), Object(Closure))
#7 C:\\dev\\cms-talent-sandbox\\lumen-graphql\\vendor\\laravel\\lumen-framework\\src\\Routing\\Pipeline.php(30): Illuminate\\Pipeline\\Pipeline->Illuminate\\Pipeline\\{closure}(Object(Laravel\\Lumen\\Http\\Request))
#8 C:\\dev\\cms-talent-sandbox\\lumen-graphql\\vendor\\illuminate\\pipeline\\Pipeline.php(103): Laravel\\Lumen\\Routing\\Pipeline->Laravel\\Lumen\\Routing\\{closure}(Object(Laravel\\Lumen\\Http\\Request))
#9 C:\\dev\\cms-talent-sandbox\\lumen-graphql\\vendor\\laravel\\lumen-framework\\src\\Concerns\\RoutesRequests.php(423): Illuminate\\Pipeline\\Pipeline->then(Object(Closure))
#10 C:\\dev\\cms-talent-sandbox\\lumen-graphql\\vendor\\laravel\\lumen-framework\\src\\Concerns\\RoutesRequests.php(260): Laravel\\Lumen\\Application->sendThroughPipeline(Array, Object(Closure))
#11 C:\\dev\\cms-talent-sandbox\\lumen-graphql\\vendor\\laravel\\lumen-framework\\src\\Concerns\\RoutesRequests.php(166): Laravel\\Lumen\\Application->handleFoundRoute(Array)
#12 C:\\dev\\cms-talent-sandbox\\lumen-graphql\\vendor\\laravel\\lumen-framework\\src\\Concerns\\RoutesRequests.php(426): Laravel\\Lumen\\Application->Laravel\\Lumen\\Concerns\\{closure}(Object(Laravel\\Lumen\\Http\\Request))
#13 C:\\dev\\cms-talent-sandbox\\lumen-graphql\\vendor\\laravel\\lumen-framework\\src\\Concerns\\RoutesRequests.php(172): Laravel\\Lumen\\Application->sendThroughPipeline(Array, Object(Closure))
#14 C:\\dev\\cms-talent-sandbox\\lumen-graphql\\vendor\\laravel\\lumen-framework\\src\\Concerns\\RoutesRequests.php(109): Laravel\\Lumen\\Application->dispatch(NULL)
#15 C:\\dev\\cms-talent-sandbox\\lumen-graphql\\public\\index.php(28): Laravel\\Lumen\\Application->run()
#16 {main}
"} 
[2021-05-04 21:10:18] local.ERROR: Auth driver [api] for guard [api] is not defined. {"exception":"[object] (InvalidArgumentException(code: 0): Auth driver [api] for guard [api] is not defined. at C:\\dev\\cms-talent-sandbox\\lumen-graphql\\vendor\\illuminate\\auth\\AuthManager.php:97)
[stacktrace]
#0 C:\\dev\\cms-talent-sandbox\\lumen-graphql\\vendor\\illuminate\\auth\\AuthManager.php(68): Illuminate\\Auth\\AuthManager->resolve('api')
#1 C:\\dev\\cms-talent-sandbox\\lumen-graphql\\vendor\
uwave\\lighthouse\\src\\Support\\Http\\Middleware\\AttemptAuthentication.php(45): Illuminate\\Auth\\AuthManager->guard('api')
#2 C:\\dev\\cms-talent-sandbox\\lumen-graphql\\vendor\
uwave\\lighthouse\\src\\Support\\Http\\Middleware\\AttemptAuthentication.php(30): Nuwave\\Lighthouse\\Support\\Http\\Middleware\\AttemptAuthentication->attemptAuthentication(Array)
#3 C:\\dev\\cms-talent-sandbox\\lumen-graphql\\vendor\\illuminate\\pipeline\\Pipeline.php(167): Nuwave\\Lighthouse\\Support\\Http\\Middleware\\AttemptAuthentication->handle(Object(Laravel\\Lumen\\Http\\Request), Object(Closure))
#4 C:\\dev\\cms-talent-sandbox\\lumen-graphql\\vendor\\laravel\\lumen-framework\\src\\Routing\\Pipeline.php(30): Illuminate\\Pipeline\\Pipeline->Illuminate\\Pipeline\\{closure}(Object(Laravel\\Lumen\\Http\\Request))
#5 C:\\dev\\cms-talent-sandbox\\lumen-graphql\\vendor\
uwave\\lighthouse\\src\\Support\\Http\\Middleware\\AcceptJson.php(27): Laravel\\Lumen\\Routing\\Pipeline->Laravel\\Lumen\\Routing\\{closure}(Object(Laravel\\Lumen\\Http\\Request))
#6 C:\\dev\\cms-talent-sandbox\\lumen-graphql\\vendor\\illuminate\\pipeline\\Pipeline.php(167): Nuwave\\Lighthouse\\Support\\Http\\Middleware\\AcceptJson->handle(Object(Laravel\\Lumen\\Http\\Request), Object(Closure))
#7 C:\\dev\\cms-talent-sandbox\\lumen-graphql\\vendor\\laravel\\lumen-framework\\src\\Routing\\Pipeline.php(30): Illuminate\\Pipeline\\Pipeline->Illuminate\\Pipeline\\{closure}(Object(Laravel\\Lumen\\Http\\Request))
#8 C:\\dev\\cms-talent-sandbox\\lumen-graphql\\vendor\\illuminate\\pipeline\\Pipeline.php(103): Laravel\\Lumen\\Routing\\Pipeline->Laravel\\Lumen\\Routing\\{closure}(Object(Laravel\\Lumen\\Http\\Request))
#9 C:\\dev\\cms-talent-sandbox\\lumen-graphql\\vendor\\laravel\\lumen-framework\\src\\Concerns\\RoutesRequests.php(423): Illuminate\\Pipeline\\Pipeline->then(Object(Closure))
#10 C:\\dev\\cms-talent-sandbox\\lumen-graphql\\vendor\\laravel\\lumen-framework\\src\\Concerns\\RoutesRequests.php(260): Laravel\\Lumen\\Application->sendThroughPipeline(Array, Object(Closure))
#11 C:\\dev\\cms-talent-sandbox\\lumen-graphql\\vendor\\laravel\\lumen-framework\\src\\Concerns\\RoutesRequests.php(166): Laravel\\Lumen\\Application->handleFoundRoute(Array)
#12 C:\\dev\\cms-talent-sandbox\\lumen-graphql\\vendor\\laravel\\lumen-framework\\src\\Concerns\\RoutesRequests.php(426): Laravel\\Lumen\\Application->Laravel\\Lumen\\Concerns\\{closure}(Object(Laravel\\Lumen\\Http\\Request))
#13 C:\\dev\\cms-talent-sandbox\\lumen-graphql\\vendor\\laravel\\lumen-framework\\src\\Concerns\\RoutesRequests.php(172): Laravel\\Lumen\\Application->sendThroughPipeline(Array, Object(Closure))
#14 C:\\dev\\cms-talent-sandbox\\lumen-graphql\\vendor\\laravel\\lumen-framework\\src\\Concerns\\RoutesRequests.php(109): Laravel\\Lumen\\Application->dispatch(NULL)
#15 C:\\dev\\cms-talent-sandbox\\lumen-graphql\\public\\index.php(28): Laravel\\Lumen\\Application->run()
#16 {main}
"} 
[2021-05-04 21:10:19] local.ERROR: Auth driver [api] for guard [api] is not defined. {"exception":"[object] (InvalidArgumentException(code: 0): Auth driver [api] for guard [api] is not defined. at C:\\dev\\cms-talent-sandbox\\lumen-graphql\\vendor\\illuminate\\auth\\AuthManager.php:97)
[stacktrace]
#0 C:\\dev\\cms-talent-sandbox\\lumen-graphql\\vendor\\illuminate\\auth\\AuthManager.php(68): Illuminate\\Auth\\AuthManager->resolve('api')
#1 C:\\dev\\cms-talent-sandbox\\lumen-graphql\\vendor\
uwave\\lighthouse\\src\\Support\\Http\\Middleware\\AttemptAuthentication.php(45): Illuminate\\Auth\\AuthManager->guard('api')
#2 C:\\dev\\cms-talent-sandbox\\lumen-graphql\\vendor\
uwave\\lighthouse\\src\\Support\\Http\\Middleware\\AttemptAuthentication.php(30): Nuwave\\Lighthouse\\Support\\Http\\Middleware\\AttemptAuthentication->attemptAuthentication(Array)
#3 C:\\dev\\cms-talent-sandbox\\lumen-graphql\\vendor\\illuminate\\pipeline\\Pipeline.php(167): Nuwave\\Lighthouse\\Support\\Http\\Middleware\\AttemptAuthentication->handle(Object(Laravel\\Lumen\\Http\\Request), Object(Closure))
#4 C:\\dev\\cms-talent-sandbox\\lumen-graphql\\vendor\\laravel\\lumen-framework\\src\\Routing\\Pipeline.php(30): Illuminate\\Pipeline\\Pipeline->Illuminate\\Pipeline\\{closure}(Object(Laravel\\Lumen\\Http\\Request))
#5 C:\\dev\\cms-talent-sandbox\\lumen-graphql\\vendor\
uwave\\lighthouse\\src\\Support\\Http\\Middleware\\AcceptJson.php(27): Laravel\\Lumen\\Routing\\Pipeline->Laravel\\Lumen\\Routing\\{closure}(Object(Laravel\\Lumen\\Http\\Request))
#6 C:\\dev\\cms-talent-sandbox\\lumen-graphql\\vendor\\illuminate\\pipeline\\Pipeline.php(167): Nuwave\\Lighthouse\\Support\\Http\\Middleware\\AcceptJson->handle(Object(Laravel\\Lumen\\Http\\Request), Object(Closure))
#7 C:\\dev\\cms-talent-sandbox\\lumen-graphql\\vendor\\laravel\\lumen-framework\\src\\Routing\\Pipeline.php(30): Illuminate\\Pipeline\\Pipeline->Illuminate\\Pipeline\\{closure}(Object(Laravel\\Lumen\\Http\\Request))
#8 C:\\dev\\cms-talent-sandbox\\lumen-graphql\\vendor\\illuminate\\pipeline\\Pipeline.php(103): Laravel\\Lumen\\Routing\\Pipeline->Laravel\\Lumen\\Routing\\{closure}(Object(Laravel\\Lumen\\Http\\Request))
#9 C:\\dev\\cms-talent-sandbox\\lumen-graphql\\vendor\\laravel\\lumen-framework\\src\\Concerns\\RoutesRequests.php(423): Illuminate\\Pipeline\\Pipeline->then(Object(Closure))
#10 C:\\dev\\cms-talent-sandbox\\lumen-graphql\\vendor\\laravel\\lumen-framework\\src\\Concerns\\RoutesRequests.php(260): Laravel\\Lumen\\Application->sendThroughPipeline(Array, Object(Closure))
#11 C:\\dev\\cms-talent-sandbox\\lumen-graphql\\vendor\\laravel\\lumen-framework\\src\\Concerns\\RoutesRequests.php(166): Laravel\\Lumen\\Application->handleFoundRoute(Array)
#12 C:\\dev\\cms-talent-sandbox\\lumen-graphql\\vendor\\laravel\\lumen-framework\\src\\Concerns\\RoutesRequests.php(426): Laravel\\Lumen\\Application->Laravel\\Lumen\\Concerns\\{closure}(Object(Laravel\\Lumen\\Http\\Request))
#13 C:\\dev\\cms-talent-sandbox\\lumen-graphql\\vendor\\laravel\\lumen-framework\\src\\Concerns\\RoutesRequests.php(172): Laravel\\Lumen\\Application->sendThroughPipeline(Array, Object(Closure))
#14 C:\\dev\\cms-talent-sandbox\\lumen-graphql\\vendor\\laravel\\lumen-framework\\src\\Concerns\\RoutesRequests.php(109): Laravel\\Lumen\\Application->dispatch(NULL)
#15 C:\\dev\\cms-talent-sandbox\\lumen-graphql\\public\\index.php(28): Laravel\\Lumen\\Application->run()
#16 {main}
"} 
[2021-05-04 21:10:20] local.ERROR: Auth driver [api] for guard [api] is not defined. {"exception":"[object] (InvalidArgumentException(code: 0): Auth driver [api] for guard [api] is not defined. at C:\\dev\\cms-talent-sandbox\\lumen-graphql\\vendor\\illuminate\\auth\\AuthManager.php:97)
[stacktrace]
#0 C:\\dev\\cms-talent-sandbox\\lumen-graphql\\vendor\\illuminate\\auth\\AuthManager.php(68): Illuminate\\Auth\\AuthManager->resolve('api')
#1 C:\\dev\\cms-talent-sandbox\\lumen-graphql\\vendor\
uwave\\lighthouse\\src\\Support\\Http\\Middleware\\AttemptAuthentication.php(45): Illuminate\\Auth\\AuthManager->guard('api')
#2 C:\\dev\\cms-talent-sandbox\\lumen-graphql\\vendor\
uwave\\lighthouse\\src\\Support\\Http\\Middleware\\AttemptAuthentication.php(30): Nuwave\\Lighthouse\\Support\\Http\\Middleware\\AttemptAuthentication->attemptAuthentication(Array)
#3 C:\\dev\\cms-talent-sandbox\\lumen-graphql\\vendor\\illuminate\\pipeline\\Pipeline.php(167): Nuwave\\Lighthouse\\Support\\Http\\Middleware\\AttemptAuthentication->handle(Object(Laravel\\Lumen\\Http\\Request), Object(Closure))
#4 C:\\dev\\cms-talent-sandbox\\lumen-graphql\\vendor\\laravel\\lumen-framework\\src\\Routing\\Pipeline.php(30): Illuminate\\Pipeline\\Pipeline->Illuminate\\Pipeline\\{closure}(Object(Laravel\\Lumen\\Http\\Request))
#5 C:\\dev\\cms-talent-sandbox\\lumen-graphql\\vendor\
uwave\\lighthouse\\src\\Support\\Http\\Middleware\\AcceptJson.php(27): Laravel\\Lumen\\Routing\\Pipeline->Laravel\\Lumen\\Routing\\{closure}(Object(Laravel\\Lumen\\Http\\Request))
#6 C:\\dev\\cms-talent-sandbox\\lumen-graphql\\vendor\\illuminate\\pipeline\\Pipeline.php(167): Nuwave\\Lighthouse\\Support\\Http\\Middleware\\AcceptJson->handle(Object(Laravel\\Lumen\\Http\\Request), Object(Closure))
#7 C:\\dev\\cms-talent-sandbox\\lumen-graphql\\vendor\\laravel\\lumen-framework\\src\\Routing\\Pipeline.php(30): Illuminate\\Pipeline\\Pipeline->Illuminate\\Pipeline\\{closure}(Object(Laravel\\Lumen\\Http\\Request))
#8 C:\\dev\\cms-talent-sandbox\\lumen-graphql\\vendor\\illuminate\\pipeline\\Pipeline.php(103): Laravel\\Lumen\\Routing\\Pipeline->Laravel\\Lumen\\Routing\\{closure}(Object(Laravel\\Lumen\\Http\\Request))
#9 C:\\dev\\cms-talent-sandbox\\lumen-graphql\\vendor\\laravel\\lumen-framework\\src\\Concerns\\RoutesRequests.php(423): Illuminate\\Pipeline\\Pipeline->then(Object(Closure))
#10 C:\\dev\\cms-talent-sandbox\\lumen-graphql\\vendor\\laravel\\lumen-framework\\src\\Concerns\\RoutesRequests.php(260): Laravel\\Lumen\\Application->sendThroughPipeline(Array, Object(Closure))
#11 C:\\dev\\cms-talent-sandbox\\lumen-graphql\\vendor\\laravel\\lumen-framework\\src\\Concerns\\RoutesRequests.php(166): Laravel\\Lumen\\Application->handleFoundRoute(Array)
#12 C:\\dev\\cms-talent-sandbox\\lumen-graphql\\vendor\\laravel\\lumen-framework\\src\\Concerns\\RoutesRequests.php(426): Laravel\\Lumen\\Application->Laravel\\Lumen\\Concerns\\{closure}(Object(Laravel\\Lumen\\Http\\Request))
#13 C:\\dev\\cms-talent-sandbox\\lumen-graphql\\vendor\\laravel\\lumen-framework\\src\\Concerns\\RoutesRequests.php(172): Laravel\\Lumen\\Application->sendThroughPipeline(Array, Object(Closure))
#14 C:\\dev\\cms-talent-sandbox\\lumen-graphql\\vendor\\laravel\\lumen-framework\\src\\Concerns\\RoutesRequests.php(109): Laravel\\Lumen\\Application->dispatch(NULL)
#15 C:\\dev\\cms-talent-sandbox\\lumen-graphql\\public\\index.php(28): Laravel\\Lumen\\Application->run()
#16 {main}
"} 
[2021-05-04 21:10:21] local.ERROR: Auth driver [api] for guard [api] is not defined. {"exception":"[object] (InvalidArgumentException(code: 0): Auth driver [api] for guard [api] is not defined. at C:\\dev\\cms-talent-sandbox\\lumen-graphql\\vendor\\illuminate\\auth\\AuthManager.php:97)
[stacktrace]
#0 C:\\dev\\cms-talent-sandbox\\lumen-graphql\\vendor\\illuminate\\auth\\AuthManager.php(68): Illuminate\\Auth\\AuthManager->resolve('api')
#1 C:\\dev\\cms-talent-sandbox\\lumen-graphql\\vendor\
uwave\\lighthouse\\src\\Support\\Http\\Middleware\\AttemptAuthentication.php(45): Illuminate\\Auth\\AuthManager->guard('api')
#2 C:\\dev\\cms-talent-sandbox\\lumen-graphql\\vendor\
uwave\\lighthouse\\src\\Support\\Http\\Middleware\\AttemptAuthentication.php(30): Nuwave\\Lighthouse\\Support\\Http\\Middleware\\AttemptAuthentication->attemptAuthentication(Array)
#3 C:\\dev\\cms-talent-sandbox\\lumen-graphql\\vendor\\illuminate\\pipeline\\Pipeline.php(167): Nuwave\\Lighthouse\\Support\\Http\\Middleware\\AttemptAuthentication->handle(Object(Laravel\\Lumen\\Http\\Request), Object(Closure))
#4 C:\\dev\\cms-talent-sandbox\\lumen-graphql\\vendor\\laravel\\lumen-framework\\src\\Routing\\Pipeline.php(30): Illuminate\\Pipeline\\Pipeline->Illuminate\\Pipeline\\{closure}(Object(Laravel\\Lumen\\Http\\Request))
#5 C:\\dev\\cms-talent-sandbox\\lumen-graphql\\vendor\
uwave\\lighthouse\\src\\Support\\Http\\Middleware\\AcceptJson.php(27): Laravel\\Lumen\\Routing\\Pipeline->Laravel\\Lumen\\Routing\\{closure}(Object(Laravel\\Lumen\\Http\\Request))
#6 C:\\dev\\cms-talent-sandbox\\lumen-graphql\\vendor\\illuminate\\pipeline\\Pipeline.php(167): Nuwave\\Lighthouse\\Support\\Http\\Middleware\\AcceptJson->handle(Object(Laravel\\Lumen\\Http\\Request), Object(Closure))
#7 C:\\dev\\cms-talent-sandbox\\lumen-graphql\\vendor\\laravel\\lumen-framework\\src\\Routing\\Pipeline.php(30): Illuminate\\Pipeline\\Pipeline->Illuminate\\Pipeline\\{closure}(Object(Laravel\\Lumen\\Http\\Request))
#8 C:\\dev\\cms-talent-sandbox\\lumen-graphql\\vendor\\illuminate\\pipeline\\Pipeline.php(103): Laravel\\Lumen\\Routing\\Pipeline->Laravel\\Lumen\\Routing\\{closure}(Object(Laravel\\Lumen\\Http\\Request))
#9 C:\\dev\\cms-talent-sandbox\\lumen-graphql\\vendor\\laravel\\lumen-framework\\src\\Concerns\\RoutesRequests.php(423): Illuminate\\Pipeline\\Pipeline->then(Object(Closure))
#10 C:\\dev\\cms-talent-sandbox\\lumen-graphql\\vendor\\laravel\\lumen-framework\\src\\Concerns\\RoutesRequests.php(260): Laravel\\Lumen\\Application->sendThroughPipeline(Array, Object(Closure))
#11 C:\\dev\\cms-talent-sandbox\\lumen-graphql\\vendor\\laravel\\lumen-framework\\src\\Concerns\\RoutesRequests.php(166): Laravel\\Lumen\\Application->handleFoundRoute(Array)
#12 C:\\dev\\cms-talent-sandbox\\lumen-graphql\\vendor\\laravel\\lumen-framework\\src\\Concerns\\RoutesRequests.php(426): Laravel\\Lumen\\Application->Laravel\\Lumen\\Concerns\\{closure}(Object(Laravel\\Lumen\\Http\\Request))
#13 C:\\dev\\cms-talent-sandbox\\lumen-graphql\\vendor\\laravel\\lumen-framework\\src\\Concerns\\RoutesRequests.php(172): Laravel\\Lumen\\Application->sendThroughPipeline(Array, Object(Closure))
#14 C:\\dev\\cms-talent-sandbox\\lumen-graphql\\vendor\\laravel\\lumen-framework\\src\\Concerns\\RoutesRequests.php(109): Laravel\\Lumen\\Application->dispatch(NULL)
#15 C:\\dev\\cms-talent-sandbox\\lumen-graphql\\public\\index.php(28): Laravel\\Lumen\\Application->run()
#16 {main}
"} 
[2021-05-04 21:10:23] local.ERROR: Auth driver [api] for guard [api] is not defined. {"exception":"[object] (InvalidArgumentException(code: 0): Auth driver [api] for guard [api] is not defined. at C:\\dev\\cms-talent-sandbox\\lumen-graphql\\vendor\\illuminate\\auth\\AuthManager.php:97)
[stacktrace]
#0 C:\\dev\\cms-talent-sandbox\\lumen-graphql\\vendor\\illuminate\\auth\\AuthManager.php(68): Illuminate\\Auth\\AuthManager->resolve('api')
#1 C:\\dev\\cms-talent-sandbox\\lumen-graphql\\vendor\
uwave\\lighthouse\\src\\Support\\Http\\Middleware\\AttemptAuthentication.php(45): Illuminate\\Auth\\AuthManager->guard('api')
#2 C:\\dev\\cms-talent-sandbox\\lumen-graphql\\vendor\
uwave\\lighthouse\\src\\Support\\Http\\Middleware\\AttemptAuthentication.php(30): Nuwave\\Lighthouse\\Support\\Http\\Middleware\\AttemptAuthentication->attemptAuthentication(Array)
#3 C:\\dev\\cms-talent-sandbox\\lumen-graphql\\vendor\\illuminate\\pipeline\\Pipeline.php(167): Nuwave\\Lighthouse\\Support\\Http\\Middleware\\AttemptAuthentication->handle(Object(Laravel\\Lumen\\Http\\Request), Object(Closure))
#4 C:\\dev\\cms-talent-sandbox\\lumen-graphql\\vendor\\laravel\\lumen-framework\\src\\Routing\\Pipeline.php(30): Illuminate\\Pipeline\\Pipeline->Illuminate\\Pipeline\\{closure}(Object(Laravel\\Lumen\\Http\\Request))
#5 C:\\dev\\cms-talent-sandbox\\lumen-graphql\\vendor\
uwave\\lighthouse\\src\\Support\\Http\\Middleware\\AcceptJson.php(27): Laravel\\Lumen\\Routing\\Pipeline->Laravel\\Lumen\\Routing\\{closure}(Object(Laravel\\Lumen\\Http\\Request))
#6 C:\\dev\\cms-talent-sandbox\\lumen-graphql\\vendor\\illuminate\\pipeline\\Pipeline.php(167): Nuwave\\Lighthouse\\Support\\Http\\Middleware\\AcceptJson->handle(Object(Laravel\\Lumen\\Http\\Request), Object(Closure))
#7 C:\\dev\\cms-talent-sandbox\\lumen-graphql\\vendor\\laravel\\lumen-framework\\src\\Routing\\Pipeline.php(30): Illuminate\\Pipeline\\Pipeline->Illuminate\\Pipeline\\{closure}(Object(Laravel\\Lumen\\Http\\Request))
#8 C:\\dev\\cms-talent-sandbox\\lumen-graphql\\vendor\\illuminate\\pipeline\\Pipeline.php(103): Laravel\\Lumen\\Routing\\Pipeline->Laravel\\Lumen\\Routing\\{closure}(Object(Laravel\\Lumen\\Http\\Request))
#9 C:\\dev\\cms-talent-sandbox\\lumen-graphql\\vendor\\laravel\\lumen-framework\\src\\Concerns\\RoutesRequests.php(423): Illuminate\\Pipeline\\Pipeline->then(Object(Closure))
#10 C:\\dev\\cms-talent-sandbox\\lumen-graphql\\vendor\\laravel\\lumen-framework\\src\\Concerns\\RoutesRequests.php(260): Laravel\\Lumen\\Application->sendThroughPipeline(Array, Object(Closure))
#11 C:\\dev\\cms-talent-sandbox\\lumen-graphql\\vendor\\laravel\\lumen-framework\\src\\Concerns\\RoutesRequests.php(166): Laravel\\Lumen\\Application->handleFoundRoute(Array)
#12 C:\\dev\\cms-talent-sandbox\\lumen-graphql\\vendor\\laravel\\lumen-framework\\src\\Concerns\\RoutesRequests.php(426): Laravel\\Lumen\\Application->Laravel\\Lumen\\Concerns\\{closure}(Object(Laravel\\Lumen\\Http\\Request))
#13 C:\\dev\\cms-talent-sandbox\\lumen-graphql\\vendor\\laravel\\lumen-framework\\src\\Concerns\\RoutesRequests.php(172): Laravel\\Lumen\\Application->sendThroughPipeline(Array, Object(Closure))
#14 C:\\dev\\cms-talent-sandbox\\lumen-graphql\\vendor\\laravel\\lumen-framework\\src\\Concerns\\RoutesRequests.php(109): Laravel\\Lumen\\Application->dispatch(NULL)
#15 C:\\dev\\cms-talent-sandbox\\lumen-graphql\\public\\index.php(28): Laravel\\Lumen\\Application->run()
#16 {main}
"} 
[2021-05-04 21:10:26] local.ERROR: Auth driver [api] for guard [api] is not defined. {"exception":"[object] (InvalidArgumentException(code: 0): Auth driver [api] for guard [api] is not defined. at C:\\dev\\cms-talent-sandbox\\lumen-graphql\\vendor\\illuminate\\auth\\AuthManager.php:97)
[stacktrace]
#0 C:\\dev\\cms-talent-sandbox\\lumen-graphql\\vendor\\illuminate\\auth\\AuthManager.php(68): Illuminate\\Auth\\AuthManager->resolve('api')
#1 C:\\dev\\cms-talent-sandbox\\lumen-graphql\\vendor\
uwave\\lighthouse\\src\\Support\\Http\\Middleware\\AttemptAuthentication.php(45): Illuminate\\Auth\\AuthManager->guard('api')
#2 C:\\dev\\cms-talent-sandbox\\lumen-graphql\\vendor\
uwave\\lighthouse\\src\\Support\\Http\\Middleware\\AttemptAuthentication.php(30): Nuwave\\Lighthouse\\Support\\Http\\Middleware\\AttemptAuthentication->attemptAuthentication(Array)
#3 C:\\dev\\cms-talent-sandbox\\lumen-graphql\\vendor\\illuminate\\pipeline\\Pipeline.php(167): Nuwave\\Lighthouse\\Support\\Http\\Middleware\\AttemptAuthentication->handle(Object(Laravel\\Lumen\\Http\\Request), Object(Closure))
#4 C:\\dev\\cms-talent-sandbox\\lumen-graphql\\vendor\\laravel\\lumen-framework\\src\\Routing\\Pipeline.php(30): Illuminate\\Pipeline\\Pipeline->Illuminate\\Pipeline\\{closure}(Object(Laravel\\Lumen\\Http\\Request))
#5 C:\\dev\\cms-talent-sandbox\\lumen-graphql\\vendor\
uwave\\lighthouse\\src\\Support\\Http\\Middleware\\AcceptJson.php(27): Laravel\\Lumen\\Routing\\Pipeline->Laravel\\Lumen\\Routing\\{closure}(Object(Laravel\\Lumen\\Http\\Request))
#6 C:\\dev\\cms-talent-sandbox\\lumen-graphql\\vendor\\illuminate\\pipeline\\Pipeline.php(167): Nuwave\\Lighthouse\\Support\\Http\\Middleware\\AcceptJson->handle(Object(Laravel\\Lumen\\Http\\Request), Object(Closure))
#7 C:\\dev\\cms-talent-sandbox\\lumen-graphql\\vendor\\laravel\\lumen-framework\\src\\Routing\\Pipeline.php(30): Illuminate\\Pipeline\\Pipeline->Illuminate\\Pipeline\\{closure}(Object(Laravel\\Lumen\\Http\\Request))
#8 C:\\dev\\cms-talent-sandbox\\lumen-graphql\\vendor\\illuminate\\pipeline\\Pipeline.php(103): Laravel\\Lumen\\Routing\\Pipeline->Laravel\\Lumen\\Routing\\{closure}(Object(Laravel\\Lumen\\Http\\Request))
#9 C:\\dev\\cms-talent-sandbox\\lumen-graphql\\vendor\\laravel\\lumen-framework\\src\\Concerns\\RoutesRequests.php(423): Illuminate\\Pipeline\\Pipeline->then(Object(Closure))
#10 C:\\dev\\cms-talent-sandbox\\lumen-graphql\\vendor\\laravel\\lumen-framework\\src\\Concerns\\RoutesRequests.php(260): Laravel\\Lumen\\Application->sendThroughPipeline(Array, Object(Closure))
#11 C:\\dev\\cms-talent-sandbox\\lumen-graphql\\vendor\\laravel\\lumen-framework\\src\\Concerns\\RoutesRequests.php(166): Laravel\\Lumen\\Application->handleFoundRoute(Array)
#12 C:\\dev\\cms-talent-sandbox\\lumen-graphql\\vendor\\laravel\\lumen-framework\\src\\Concerns\\RoutesRequests.php(426): Laravel\\Lumen\\Application->Laravel\\Lumen\\Concerns\\{closure}(Object(Laravel\\Lumen\\Http\\Request))
#13 C:\\dev\\cms-talent-sandbox\\lumen-graphql\\vendor\\laravel\\lumen-framework\\src\\Concerns\\RoutesRequests.php(172): Laravel\\Lumen\\Application->sendThroughPipeline(Array, Object(Closure))
#14 C:\\dev\\cms-talent-sandbox\\lumen-graphql\\vendor\\laravel\\lumen-framework\\src\\Concerns\\RoutesRequests.php(109): Laravel\\Lumen\\Application->dispatch(NULL)
#15 C:\\dev\\cms-talent-sandbox\\lumen-graphql\\public\\index.php(28): Laravel\\Lumen\\Application->run()
#16 {main}
"} 
[2021-05-04 21:10:32] local.ERROR: Auth driver [api] for guard [api] is not defined. {"exception":"[object] (InvalidArgumentException(code: 0): Auth driver [api] for guard [api] is not defined. at C:\\dev\\cms-talent-sandbox\\lumen-graphql\\vendor\\illuminate\\auth\\AuthManager.php:97)
[stacktrace]
#0 C:\\dev\\cms-talent-sandbox\\lumen-graphql\\vendor\\illuminate\\auth\\AuthManager.php(68): Illuminate\\Auth\\AuthManager->resolve('api')
#1 C:\\dev\\cms-talent-sandbox\\lumen-graphql\\vendor\
uwave\\lighthouse\\src\\Support\\Http\\Middleware\\AttemptAuthentication.php(45): Illuminate\\Auth\\AuthManager->guard('api')
#2 C:\\dev\\cms-talent-sandbox\\lumen-graphql\\vendor\
uwave\\lighthouse\\src\\Support\\Http\\Middleware\\AttemptAuthentication.php(30): Nuwave\\Lighthouse\\Support\\Http\\Middleware\\AttemptAuthentication->attemptAuthentication(Array)
#3 C:\\dev\\cms-talent-sandbox\\lumen-graphql\\vendor\\illuminate\\pipeline\\Pipeline.php(167): Nuwave\\Lighthouse\\Support\\Http\\Middleware\\AttemptAuthentication->handle(Object(Laravel\\Lumen\\Http\\Request), Object(Closure))
#4 C:\\dev\\cms-talent-sandbox\\lumen-graphql\\vendor\\laravel\\lumen-framework\\src\\Routing\\Pipeline.php(30): Illuminate\\Pipeline\\Pipeline->Illuminate\\Pipeline\\{closure}(Object(Laravel\\Lumen\\Http\\Request))
#5 C:\\dev\\cms-talent-sandbox\\lumen-graphql\\vendor\
uwave\\lighthouse\\src\\Support\\Http\\Middleware\\AcceptJson.php(27): Laravel\\Lumen\\Routing\\Pipeline->Laravel\\Lumen\\Routing\\{closure}(Object(Laravel\\Lumen\\Http\\Request))
#6 C:\\dev\\cms-talent-sandbox\\lumen-graphql\\vendor\\illuminate\\pipeline\\Pipeline.php(167): Nuwave\\Lighthouse\\Support\\Http\\Middleware\\AcceptJson->handle(Object(Laravel\\Lumen\\Http\\Request), Object(Closure))
#7 C:\\dev\\cms-talent-sandbox\\lumen-graphql\\vendor\\laravel\\lumen-framework\\src\\Routing\\Pipeline.php(30): Illuminate\\Pipeline\\Pipeline->Illuminate\\Pipeline\\{closure}(Object(Laravel\\Lumen\\Http\\Request))
#8 C:\\dev\\cms-talent-sandbox\\lumen-graphql\\vendor\\illuminate\\pipeline\\Pipeline.php(103): Laravel\\Lumen\\Routing\\Pipeline->Laravel\\Lumen\\Routing\\{closure}(Object(Laravel\\Lumen\\Http\\Request))
#9 C:\\dev\\cms-talent-sandbox\\lumen-graphql\\vendor\\laravel\\lumen-framework\\src\\Concerns\\RoutesRequests.php(423): Illuminate\\Pipeline\\Pipeline->then(Object(Closure))
#10 C:\\dev\\cms-talent-sandbox\\lumen-graphql\\vendor\\laravel\\lumen-framework\\src\\Concerns\\RoutesRequests.php(260): Laravel\\Lumen\\Application->sendThroughPipeline(Array, Object(Closure))
#11 C:\\dev\\cms-talent-sandbox\\lumen-graphql\\vendor\\laravel\\lumen-framework\\src\\Concerns\\RoutesRequests.php(166): Laravel\\Lumen\\Application->handleFoundRoute(Array)
#12 C:\\dev\\cms-talent-sandbox\\lumen-graphql\\vendor\\laravel\\lumen-framework\\src\\Concerns\\RoutesRequests.php(426): Laravel\\Lumen\\Application->Laravel\\Lumen\\Concerns\\{closure}(Object(Laravel\\Lumen\\Http\\Request))
#13 C:\\dev\\cms-talent-sandbox\\lumen-graphql\\vendor\\laravel\\lumen-framework\\src\\Concerns\\RoutesRequests.php(172): Laravel\\Lumen\\Application->sendThroughPipeline(Array, Object(Closure))
#14 C:\\dev\\cms-talent-sandbox\\lumen-graphql\\vendor\\laravel\\lumen-framework\\src\\Concerns\\RoutesRequests.php(109): Laravel\\Lumen\\Application->dispatch(NULL)
#15 C:\\dev\\cms-talent-sandbox\\lumen-graphql\\public\\index.php(28): Laravel\\Lumen\\Application->run()
#16 {main}
"} 
[2021-05-04 21:10:40] local.ERROR: Auth driver [api] for guard [api] is not defined. {"exception":"[object] (InvalidArgumentException(code: 0): Auth driver [api] for guard [api] is not defined. at C:\\dev\\cms-talent-sandbox\\lumen-graphql\\vendor\\illuminate\\auth\\AuthManager.php:97)
[stacktrace]
#0 C:\\dev\\cms-talent-sandbox\\lumen-graphql\\vendor\\illuminate\\auth\\AuthManager.php(68): Illuminate\\Auth\\AuthManager->resolve('api')
#1 C:\\dev\\cms-talent-sandbox\\lumen-graphql\\vendor\
uwave\\lighthouse\\src\\Support\\Http\\Middleware\\AttemptAuthentication.php(45): Illuminate\\Auth\\AuthManager->guard('api')
#2 C:\\dev\\cms-talent-sandbox\\lumen-graphql\\vendor\
uwave\\lighthouse\\src\\Support\\Http\\Middleware\\AttemptAuthentication.php(30): Nuwave\\Lighthouse\\Support\\Http\\Middleware\\AttemptAuthentication->attemptAuthentication(Array)
#3 C:\\dev\\cms-talent-sandbox\\lumen-graphql\\vendor\\illuminate\\pipeline\\Pipeline.php(167): Nuwave\\Lighthouse\\Support\\Http\\Middleware\\AttemptAuthentication->handle(Object(Laravel\\Lumen\\Http\\Request), Object(Closure))
#4 C:\\dev\\cms-talent-sandbox\\lumen-graphql\\vendor\\laravel\\lumen-framework\\src\\Routing\\Pipeline.php(30): Illuminate\\Pipeline\\Pipeline->Illuminate\\Pipeline\\{closure}(Object(Laravel\\Lumen\\Http\\Request))
#5 C:\\dev\\cms-talent-sandbox\\lumen-graphql\\vendor\
uwave\\lighthouse\\src\\Support\\Http\\Middleware\\AcceptJson.php(27): Laravel\\Lumen\\Routing\\Pipeline->Laravel\\Lumen\\Routing\\{closure}(Object(Laravel\\Lumen\\Http\\Request))
#6 C:\\dev\\cms-talent-sandbox\\lumen-graphql\\vendor\\illuminate\\pipeline\\Pipeline.php(167): Nuwave\\Lighthouse\\Support\\Http\\Middleware\\AcceptJson->handle(Object(Laravel\\Lumen\\Http\\Request), Object(Closure))
#7 C:\\dev\\cms-talent-sandbox\\lumen-graphql\\vendor\\laravel\\lumen-framework\\src\\Routing\\Pipeline.php(30): Illuminate\\Pipeline\\Pipeline->Illuminate\\Pipeline\\{closure}(Object(Laravel\\Lumen\\Http\\Request))
#8 C:\\dev\\cms-talent-sandbox\\lumen-graphql\\vendor\\illuminate\\pipeline\\Pipeline.php(103): Laravel\\Lumen\\Routing\\Pipeline->Laravel\\Lumen\\Routing\\{closure}(Object(Laravel\\Lumen\\Http\\Request))
#9 C:\\dev\\cms-talent-sandbox\\lumen-graphql\\vendor\\laravel\\lumen-framework\\src\\Concerns\\RoutesRequests.php(423): Illuminate\\Pipeline\\Pipeline->then(Object(Closure))
#10 C:\\dev\\cms-talent-sandbox\\lumen-graphql\\vendor\\laravel\\lumen-framework\\src\\Concerns\\RoutesRequests.php(260): Laravel\\Lumen\\Application->sendThroughPipeline(Array, Object(Closure))
#11 C:\\dev\\cms-talent-sandbox\\lumen-graphql\\vendor\\laravel\\lumen-framework\\src\\Concerns\\RoutesRequests.php(166): Laravel\\Lumen\\Application->handleFoundRoute(Array)
#12 C:\\dev\\cms-talent-sandbox\\lumen-graphql\\vendor\\laravel\\lumen-framework\\src\\Concerns\\RoutesRequests.php(426): Laravel\\Lumen\\Application->Laravel\\Lumen\\Concerns\\{closure}(Object(Laravel\\Lumen\\Http\\Request))
#13 C:\\dev\\cms-talent-sandbox\\lumen-graphql\\vendor\\laravel\\lumen-framework\\src\\Concerns\\RoutesRequests.php(172): Laravel\\Lumen\\Application->sendThroughPipeline(Array, Object(Closure))
#14 C:\\dev\\cms-talent-sandbox\\lumen-graphql\\vendor\\laravel\\lumen-framework\\src\\Concerns\\RoutesRequests.php(109): Laravel\\Lumen\\Application->dispatch(NULL)
#15 C:\\dev\\cms-talent-sandbox\\lumen-graphql\\public\\index.php(28): Laravel\\Lumen\\Application->run()
#16 {main}
"} 
[2021-05-04 21:10:54] local.ERROR: Auth driver [api] for guard [api] is not defined. {"exception":"[object] (InvalidArgumentException(code: 0): Auth driver [api] for guard [api] is not defined. at C:\\dev\\cms-talent-sandbox\\lumen-graphql\\vendor\\illuminate\\auth\\AuthManager.php:97)
[stacktrace]
#0 C:\\dev\\cms-talent-sandbox\\lumen-graphql\\vendor\\illuminate\\auth\\AuthManager.php(68): Illuminate\\Auth\\AuthManager->resolve('api')
#1 C:\\dev\\cms-talent-sandbox\\lumen-graphql\\vendor\
uwave\\lighthouse\\src\\Support\\Http\\Middleware\\AttemptAuthentication.php(45): Illuminate\\Auth\\AuthManager->guard('api')
#2 C:\\dev\\cms-talent-sandbox\\lumen-graphql\\vendor\
uwave\\lighthouse\\src\\Support\\Http\\Middleware\\AttemptAuthentication.php(30): Nuwave\\Lighthouse\\Support\\Http\\Middleware\\AttemptAuthentication->attemptAuthentication(Array)
#3 C:\\dev\\cms-talent-sandbox\\lumen-graphql\\vendor\\illuminate\\pipeline\\Pipeline.php(167): Nuwave\\Lighthouse\\Support\\Http\\Middleware\\AttemptAuthentication->handle(Object(Laravel\\Lumen\\Http\\Request), Object(Closure))
#4 C:\\dev\\cms-talent-sandbox\\lumen-graphql\\vendor\\laravel\\lumen-framework\\src\\Routing\\Pipeline.php(30): Illuminate\\Pipeline\\Pipeline->Illuminate\\Pipeline\\{closure}(Object(Laravel\\Lumen\\Http\\Request))
#5 C:\\dev\\cms-talent-sandbox\\lumen-graphql\\vendor\
uwave\\lighthouse\\src\\Support\\Http\\Middleware\\AcceptJson.php(27): Laravel\\Lumen\\Routing\\Pipeline->Laravel\\Lumen\\Routing\\{closure}(Object(Laravel\\Lumen\\Http\\Request))
#6 C:\\dev\\cms-talent-sandbox\\lumen-graphql\\vendor\\illuminate\\pipeline\\Pipeline.php(167): Nuwave\\Lighthouse\\Support\\Http\\Middleware\\AcceptJson->handle(Object(Laravel\\Lumen\\Http\\Request), Object(Closure))
#7 C:\\dev\\cms-talent-sandbox\\lumen-graphql\\vendor\\laravel\\lumen-framework\\src\\Routing\\Pipeline.php(30): Illuminate\\Pipeline\\Pipeline->Illuminate\\Pipeline\\{closure}(Object(Laravel\\Lumen\\Http\\Request))
#8 C:\\dev\\cms-talent-sandbox\\lumen-graphql\\vendor\\illuminate\\pipeline\\Pipeline.php(103): Laravel\\Lumen\\Routing\\Pipeline->Laravel\\Lumen\\Routing\\{closure}(Object(Laravel\\Lumen\\Http\\Request))
#9 C:\\dev\\cms-talent-sandbox\\lumen-graphql\\vendor\\laravel\\lumen-framework\\src\\Concerns\\RoutesRequests.php(423): Illuminate\\Pipeline\\Pipeline->then(Object(Closure))
#10 C:\\dev\\cms-talent-sandbox\\lumen-graphql\\vendor\\laravel\\lumen-framework\\src\\Concerns\\RoutesRequests.php(260): Laravel\\Lumen\\Application->sendThroughPipeline(Array, Object(Closure))
#11 C:\\dev\\cms-talent-sandbox\\lumen-graphql\\vendor\\laravel\\lumen-framework\\src\\Concerns\\RoutesRequests.php(166): Laravel\\Lumen\\Application->handleFoundRoute(Array)
#12 C:\\dev\\cms-talent-sandbox\\lumen-graphql\\vendor\\laravel\\lumen-framework\\src\\Concerns\\RoutesRequests.php(426): Laravel\\Lumen\\Application->Laravel\\Lumen\\Concerns\\{closure}(Object(Laravel\\Lumen\\Http\\Request))
#13 C:\\dev\\cms-talent-sandbox\\lumen-graphql\\vendor\\laravel\\lumen-framework\\src\\Concerns\\RoutesRequests.php(172): Laravel\\Lumen\\Application->sendThroughPipeline(Array, Object(Closure))
#14 C:\\dev\\cms-talent-sandbox\\lumen-graphql\\vendor\\laravel\\lumen-framework\\src\\Concerns\\RoutesRequests.php(109): Laravel\\Lumen\\Application->dispatch(NULL)
#15 C:\\dev\\cms-talent-sandbox\\lumen-graphql\\public\\index.php(28): Laravel\\Lumen\\Application->run()
#16 {main}
"} 
[2021-05-04 21:11:16] local.ERROR: Auth driver [api] for guard [api] is not defined. {"exception":"[object] (InvalidArgumentException(code: 0): Auth driver [api] for guard [api] is not defined. at C:\\dev\\cms-talent-sandbox\\lumen-graphql\\vendor\\illuminate\\auth\\AuthManager.php:97)
[stacktrace]
#0 C:\\dev\\cms-talent-sandbox\\lumen-graphql\\vendor\\illuminate\\auth\\AuthManager.php(68): Illuminate\\Auth\\AuthManager->resolve('api')
#1 C:\\dev\\cms-talent-sandbox\\lumen-graphql\\vendor\
uwave\\lighthouse\\src\\Support\\Http\\Middleware\\AttemptAuthentication.php(45): Illuminate\\Auth\\AuthManager->guard('api')
#2 C:\\dev\\cms-talent-sandbox\\lumen-graphql\\vendor\
uwave\\lighthouse\\src\\Support\\Http\\Middleware\\AttemptAuthentication.php(30): Nuwave\\Lighthouse\\Support\\Http\\Middleware\\AttemptAuthentication->attemptAuthentication(Array)
#3 C:\\dev\\cms-talent-sandbox\\lumen-graphql\\vendor\\illuminate\\pipeline\\Pipeline.php(167): Nuwave\\Lighthouse\\Support\\Http\\Middleware\\AttemptAuthentication->handle(Object(Laravel\\Lumen\\Http\\Request), Object(Closure))
#4 C:\\dev\\cms-talent-sandbox\\lumen-graphql\\vendor\\laravel\\lumen-framework\\src\\Routing\\Pipeline.php(30): Illuminate\\Pipeline\\Pipeline->Illuminate\\Pipeline\\{closure}(Object(Laravel\\Lumen\\Http\\Request))
#5 C:\\dev\\cms-talent-sandbox\\lumen-graphql\\vendor\
uwave\\lighthouse\\src\\Support\\Http\\Middleware\\AcceptJson.php(27): Laravel\\Lumen\\Routing\\Pipeline->Laravel\\Lumen\\Routing\\{closure}(Object(Laravel\\Lumen\\Http\\Request))
#6 C:\\dev\\cms-talent-sandbox\\lumen-graphql\\vendor\\illuminate\\pipeline\\Pipeline.php(167): Nuwave\\Lighthouse\\Support\\Http\\Middleware\\AcceptJson->handle(Object(Laravel\\Lumen\\Http\\Request), Object(Closure))
#7 C:\\dev\\cms-talent-sandbox\\lumen-graphql\\vendor\\laravel\\lumen-framework\\src\\Routing\\Pipeline.php(30): Illuminate\\Pipeline\\Pipeline->Illuminate\\Pipeline\\{closure}(Object(Laravel\\Lumen\\Http\\Request))
#8 C:\\dev\\cms-talent-sandbox\\lumen-graphql\\vendor\\illuminate\\pipeline\\Pipeline.php(103): Laravel\\Lumen\\Routing\\Pipeline->Laravel\\Lumen\\Routing\\{closure}(Object(Laravel\\Lumen\\Http\\Request))
#9 C:\\dev\\cms-talent-sandbox\\lumen-graphql\\vendor\\laravel\\lumen-framework\\src\\Concerns\\RoutesRequests.php(423): Illuminate\\Pipeline\\Pipeline->then(Object(Closure))
#10 C:\\dev\\cms-talent-sandbox\\lumen-graphql\\vendor\\laravel\\lumen-framework\\src\\Concerns\\RoutesRequests.php(260): Laravel\\Lumen\\Application->sendThroughPipeline(Array, Object(Closure))
#11 C:\\dev\\cms-talent-sandbox\\lumen-graphql\\vendor\\laravel\\lumen-framework\\src\\Concerns\\RoutesRequests.php(166): Laravel\\Lumen\\Application->handleFoundRoute(Array)
#12 C:\\dev\\cms-talent-sandbox\\lumen-graphql\\vendor\\laravel\\lumen-framework\\src\\Concerns\\RoutesRequests.php(426): Laravel\\Lumen\\Application->Laravel\\Lumen\\Concerns\\{closure}(Object(Laravel\\Lumen\\Http\\Request))
#13 C:\\dev\\cms-talent-sandbox\\lumen-graphql\\vendor\\laravel\\lumen-framework\\src\\Concerns\\RoutesRequests.php(172): Laravel\\Lumen\\Application->sendThroughPipeline(Array, Object(Closure))
#14 C:\\dev\\cms-talent-sandbox\\lumen-graphql\\vendor\\laravel\\lumen-framework\\src\\Concerns\\RoutesRequests.php(109): Laravel\\Lumen\\Application->dispatch(NULL)
#15 C:\\dev\\cms-talent-sandbox\\lumen-graphql\\public\\index.php(28): Laravel\\Lumen\\Application->run()
#16 {main}
"} 
[2021-05-04 21:11:51] local.ERROR: Auth driver [api] for guard [api] is not defined. {"exception":"[object] (InvalidArgumentException(code: 0): Auth driver [api] for guard [api] is not defined. at C:\\dev\\cms-talent-sandbox\\lumen-graphql\\vendor\\illuminate\\auth\\AuthManager.php:97)
[stacktrace]
#0 C:\\dev\\cms-talent-sandbox\\lumen-graphql\\vendor\\illuminate\\auth\\AuthManager.php(68): Illuminate\\Auth\\AuthManager->resolve('api')
#1 C:\\dev\\cms-talent-sandbox\\lumen-graphql\\vendor\
uwave\\lighthouse\\src\\Support\\Http\\Middleware\\AttemptAuthentication.php(45): Illuminate\\Auth\\AuthManager->guard('api')
#2 C:\\dev\\cms-talent-sandbox\\lumen-graphql\\vendor\
uwave\\lighthouse\\src\\Support\\Http\\Middleware\\AttemptAuthentication.php(30): Nuwave\\Lighthouse\\Support\\Http\\Middleware\\AttemptAuthentication->attemptAuthentication(Array)
#3 C:\\dev\\cms-talent-sandbox\\lumen-graphql\\vendor\\illuminate\\pipeline\\Pipeline.php(167): Nuwave\\Lighthouse\\Support\\Http\\Middleware\\AttemptAuthentication->handle(Object(Laravel\\Lumen\\Http\\Request), Object(Closure))
#4 C:\\dev\\cms-talent-sandbox\\lumen-graphql\\vendor\\laravel\\lumen-framework\\src\\Routing\\Pipeline.php(30): Illuminate\\Pipeline\\Pipeline->Illuminate\\Pipeline\\{closure}(Object(Laravel\\Lumen\\Http\\Request))
#5 C:\\dev\\cms-talent-sandbox\\lumen-graphql\\vendor\
uwave\\lighthouse\\src\\Support\\Http\\Middleware\\AcceptJson.php(27): Laravel\\Lumen\\Routing\\Pipeline->Laravel\\Lumen\\Routing\\{closure}(Object(Laravel\\Lumen\\Http\\Request))
#6 C:\\dev\\cms-talent-sandbox\\lumen-graphql\\vendor\\illuminate\\pipeline\\Pipeline.php(167): Nuwave\\Lighthouse\\Support\\Http\\Middleware\\AcceptJson->handle(Object(Laravel\\Lumen\\Http\\Request), Object(Closure))
#7 C:\\dev\\cms-talent-sandbox\\lumen-graphql\\vendor\\laravel\\lumen-framework\\src\\Routing\\Pipeline.php(30): Illuminate\\Pipeline\\Pipeline->Illuminate\\Pipeline\\{closure}(Object(Laravel\\Lumen\\Http\\Request))
#8 C:\\dev\\cms-talent-sandbox\\lumen-graphql\\vendor\\illuminate\\pipeline\\Pipeline.php(103): Laravel\\Lumen\\Routing\\Pipeline->Laravel\\Lumen\\Routing\\{closure}(Object(Laravel\\Lumen\\Http\\Request))
#9 C:\\dev\\cms-talent-sandbox\\lumen-graphql\\vendor\\laravel\\lumen-framework\\src\\Concerns\\RoutesRequests.php(423): Illuminate\\Pipeline\\Pipeline->then(Object(Closure))
#10 C:\\dev\\cms-talent-sandbox\\lumen-graphql\\vendor\\laravel\\lumen-framework\\src\\Concerns\\RoutesRequests.php(260): Laravel\\Lumen\\Application->sendThroughPipeline(Array, Object(Closure))
#11 C:\\dev\\cms-talent-sandbox\\lumen-graphql\\vendor\\laravel\\lumen-framework\\src\\Concerns\\RoutesRequests.php(166): Laravel\\Lumen\\Application->handleFoundRoute(Array)
#12 C:\\dev\\cms-talent-sandbox\\lumen-graphql\\vendor\\laravel\\lumen-framework\\src\\Concerns\\RoutesRequests.php(426): Laravel\\Lumen\\Application->Laravel\\Lumen\\Concerns\\{closure}(Object(Laravel\\Lumen\\Http\\Request))
#13 C:\\dev\\cms-talent-sandbox\\lumen-graphql\\vendor\\laravel\\lumen-framework\\src\\Concerns\\RoutesRequests.php(172): Laravel\\Lumen\\Application->sendThroughPipeline(Array, Object(Closure))
#14 C:\\dev\\cms-talent-sandbox\\lumen-graphql\\vendor\\laravel\\lumen-framework\\src\\Concerns\\RoutesRequests.php(109): Laravel\\Lumen\\Application->dispatch(NULL)
#15 C:\\dev\\cms-talent-sandbox\\lumen-graphql\\public\\index.php(28): Laravel\\Lumen\\Application->run()
#16 {main}
"} 
[2021-05-04 21:12:47] local.ERROR: Auth driver [api] for guard [api] is not defined. {"exception":"[object] (InvalidArgumentException(code: 0): Auth driver [api] for guard [api] is not defined. at C:\\dev\\cms-talent-sandbox\\lumen-graphql\\vendor\\illuminate\\auth\\AuthManager.php:97)
[stacktrace]
#0 C:\\dev\\cms-talent-sandbox\\lumen-graphql\\vendor\\illuminate\\auth\\AuthManager.php(68): Illuminate\\Auth\\AuthManager->resolve('api')
#1 C:\\dev\\cms-talent-sandbox\\lumen-graphql\\vendor\
uwave\\lighthouse\\src\\Support\\Http\\Middleware\\AttemptAuthentication.php(45): Illuminate\\Auth\\AuthManager->guard('api')
#2 C:\\dev\\cms-talent-sandbox\\lumen-graphql\\vendor\
uwave\\lighthouse\\src\\Support\\Http\\Middleware\\AttemptAuthentication.php(30): Nuwave\\Lighthouse\\Support\\Http\\Middleware\\AttemptAuthentication->attemptAuthentication(Array)
#3 C:\\dev\\cms-talent-sandbox\\lumen-graphql\\vendor\\illuminate\\pipeline\\Pipeline.php(167): Nuwave\\Lighthouse\\Support\\Http\\Middleware\\AttemptAuthentication->handle(Object(Laravel\\Lumen\\Http\\Request), Object(Closure))
#4 C:\\dev\\cms-talent-sandbox\\lumen-graphql\\vendor\\laravel\\lumen-framework\\src\\Routing\\Pipeline.php(30): Illuminate\\Pipeline\\Pipeline->Illuminate\\Pipeline\\{closure}(Object(Laravel\\Lumen\\Http\\Request))
#5 C:\\dev\\cms-talent-sandbox\\lumen-graphql\\vendor\
uwave\\lighthouse\\src\\Support\\Http\\Middleware\\AcceptJson.php(27): Laravel\\Lumen\\Routing\\Pipeline->Laravel\\Lumen\\Routing\\{closure}(Object(Laravel\\Lumen\\Http\\Request))
#6 C:\\dev\\cms-talent-sandbox\\lumen-graphql\\vendor\\illuminate\\pipeline\\Pipeline.php(167): Nuwave\\Lighthouse\\Support\\Http\\Middleware\\AcceptJson->handle(Object(Laravel\\Lumen\\Http\\Request), Object(Closure))
#7 C:\\dev\\cms-talent-sandbox\\lumen-graphql\\vendor\\laravel\\lumen-framework\\src\\Routing\\Pipeline.php(30): Illuminate\\Pipeline\\Pipeline->Illuminate\\Pipeline\\{closure}(Object(Laravel\\Lumen\\Http\\Request))
#8 C:\\dev\\cms-talent-sandbox\\lumen-graphql\\vendor\\illuminate\\pipeline\\Pipeline.php(103): Laravel\\Lumen\\Routing\\Pipeline->Laravel\\Lumen\\Routing\\{closure}(Object(Laravel\\Lumen\\Http\\Request))
#9 C:\\dev\\cms-talent-sandbox\\lumen-graphql\\vendor\\laravel\\lumen-framework\\src\\Concerns\\RoutesRequests.php(423): Illuminate\\Pipeline\\Pipeline->then(Object(Closure))
#10 C:\\dev\\cms-talent-sandbox\\lumen-graphql\\vendor\\laravel\\lumen-framework\\src\\Concerns\\RoutesRequests.php(260): Laravel\\Lumen\\Application->sendThroughPipeline(Array, Object(Closure))
#11 C:\\dev\\cms-talent-sandbox\\lumen-graphql\\vendor\\laravel\\lumen-framework\\src\\Concerns\\RoutesRequests.php(166): Laravel\\Lumen\\Application->handleFoundRoute(Array)
#12 C:\\dev\\cms-talent-sandbox\\lumen-graphql\\vendor\\laravel\\lumen-framework\\src\\Concerns\\RoutesRequests.php(426): Laravel\\Lumen\\Application->Laravel\\Lumen\\Concerns\\{closure}(Object(Laravel\\Lumen\\Http\\Request))
#13 C:\\dev\\cms-talent-sandbox\\lumen-graphql\\vendor\\laravel\\lumen-framework\\src\\Concerns\\RoutesRequests.php(172): Laravel\\Lumen\\Application->sendThroughPipeline(Array, Object(Closure))
#14 C:\\dev\\cms-talent-sandbox\\lumen-graphql\\vendor\\laravel\\lumen-framework\\src\\Concerns\\RoutesRequests.php(109): Laravel\\Lumen\\Application->dispatch(NULL)
#15 C:\\dev\\cms-talent-sandbox\\lumen-graphql\\public\\index.php(28): Laravel\\Lumen\\Application->run()
#16 {main}
"} 
[2021-05-04 21:14:17] local.ERROR: Auth driver [api] for guard [api] is not defined. {"exception":"[object] (InvalidArgumentException(code: 0): Auth driver [api] for guard [api] is not defined. at C:\\dev\\cms-talent-sandbox\\lumen-graphql\\vendor\\illuminate\\auth\\AuthManager.php:97)
[stacktrace]
#0 C:\\dev\\cms-talent-sandbox\\lumen-graphql\\vendor\\illuminate\\auth\\AuthManager.php(68): Illuminate\\Auth\\AuthManager->resolve('api')
#1 C:\\dev\\cms-talent-sandbox\\lumen-graphql\\vendor\
uwave\\lighthouse\\src\\Support\\Http\\Middleware\\AttemptAuthentication.php(45): Illuminate\\Auth\\AuthManager->guard('api')
#2 C:\\dev\\cms-talent-sandbox\\lumen-graphql\\vendor\
uwave\\lighthouse\\src\\Support\\Http\\Middleware\\AttemptAuthentication.php(30): Nuwave\\Lighthouse\\Support\\Http\\Middleware\\AttemptAuthentication->attemptAuthentication(Array)
#3 C:\\dev\\cms-talent-sandbox\\lumen-graphql\\vendor\\illuminate\\pipeline\\Pipeline.php(167): Nuwave\\Lighthouse\\Support\\Http\\Middleware\\AttemptAuthentication->handle(Object(Laravel\\Lumen\\Http\\Request), Object(Closure))
#4 C:\\dev\\cms-talent-sandbox\\lumen-graphql\\vendor\\laravel\\lumen-framework\\src\\Routing\\Pipeline.php(30): Illuminate\\Pipeline\\Pipeline->Illuminate\\Pipeline\\{closure}(Object(Laravel\\Lumen\\Http\\Request))
#5 C:\\dev\\cms-talent-sandbox\\lumen-graphql\\vendor\
uwave\\lighthouse\\src\\Support\\Http\\Middleware\\AcceptJson.php(27): Laravel\\Lumen\\Routing\\Pipeline->Laravel\\Lumen\\Routing\\{closure}(Object(Laravel\\Lumen\\Http\\Request))
#6 C:\\dev\\cms-talent-sandbox\\lumen-graphql\\vendor\\illuminate\\pipeline\\Pipeline.php(167): Nuwave\\Lighthouse\\Support\\Http\\Middleware\\AcceptJson->handle(Object(Laravel\\Lumen\\Http\\Request), Object(Closure))
#7 C:\\dev\\cms-talent-sandbox\\lumen-graphql\\vendor\\laravel\\lumen-framework\\src\\Routing\\Pipeline.php(30): Illuminate\\Pipeline\\Pipeline->Illuminate\\Pipeline\\{closure}(Object(Laravel\\Lumen\\Http\\Request))
#8 C:\\dev\\cms-talent-sandbox\\lumen-graphql\\vendor\\illuminate\\pipeline\\Pipeline.php(103): Laravel\\Lumen\\Routing\\Pipeline->Laravel\\Lumen\\Routing\\{closure}(Object(Laravel\\Lumen\\Http\\Request))
#9 C:\\dev\\cms-talent-sandbox\\lumen-graphql\\vendor\\laravel\\lumen-framework\\src\\Concerns\\RoutesRequests.php(423): Illuminate\\Pipeline\\Pipeline->then(Object(Closure))
#10 C:\\dev\\cms-talent-sandbox\\lumen-graphql\\vendor\\laravel\\lumen-framework\\src\\Concerns\\RoutesRequests.php(260): Laravel\\Lumen\\Application->sendThroughPipeline(Array, Object(Closure))
#11 C:\\dev\\cms-talent-sandbox\\lumen-graphql\\vendor\\laravel\\lumen-framework\\src\\Concerns\\RoutesRequests.php(166): Laravel\\Lumen\\Application->handleFoundRoute(Array)
#12 C:\\dev\\cms-talent-sandbox\\lumen-graphql\\vendor\\laravel\\lumen-framework\\src\\Concerns\\RoutesRequests.php(426): Laravel\\Lumen\\Application->Laravel\\Lumen\\Concerns\\{closure}(Object(Laravel\\Lumen\\Http\\Request))
#13 C:\\dev\\cms-talent-sandbox\\lumen-graphql\\vendor\\laravel\\lumen-framework\\src\\Concerns\\RoutesRequests.php(172): Laravel\\Lumen\\Application->sendThroughPipeline(Array, Object(Closure))
#14 C:\\dev\\cms-talent-sandbox\\lumen-graphql\\vendor\\laravel\\lumen-framework\\src\\Concerns\\RoutesRequests.php(109): Laravel\\Lumen\\Application->dispatch(NULL)
#15 C:\\dev\\cms-talent-sandbox\\lumen-graphql\\public\\index.php(28): Laravel\\Lumen\\Application->run()
#16 {main}
"} 
[2021-05-04 21:16:42] local.ERROR: Auth driver [api] for guard [api] is not defined. {"exception":"[object] (InvalidArgumentException(code: 0): Auth driver [api] for guard [api] is not defined. at C:\\dev\\cms-talent-sandbox\\lumen-graphql\\vendor\\illuminate\\auth\\AuthManager.php:97)
[stacktrace]
#0 C:\\dev\\cms-talent-sandbox\\lumen-graphql\\vendor\\illuminate\\auth\\AuthManager.php(68): Illuminate\\Auth\\AuthManager->resolve('api')
#1 C:\\dev\\cms-talent-sandbox\\lumen-graphql\\vendor\
uwave\\lighthouse\\src\\Support\\Http\\Middleware\\AttemptAuthentication.php(45): Illuminate\\Auth\\AuthManager->guard('api')
#2 C:\\dev\\cms-talent-sandbox\\lumen-graphql\\vendor\
uwave\\lighthouse\\src\\Support\\Http\\Middleware\\AttemptAuthentication.php(30): Nuwave\\Lighthouse\\Support\\Http\\Middleware\\AttemptAuthentication->attemptAuthentication(Array)
#3 C:\\dev\\cms-talent-sandbox\\lumen-graphql\\vendor\\illuminate\\pipeline\\Pipeline.php(167): Nuwave\\Lighthouse\\Support\\Http\\Middleware\\AttemptAuthentication->handle(Object(Laravel\\Lumen\\Http\\Request), Object(Closure))
#4 C:\\dev\\cms-talent-sandbox\\lumen-graphql\\vendor\\laravel\\lumen-framework\\src\\Routing\\Pipeline.php(30): Illuminate\\Pipeline\\Pipeline->Illuminate\\Pipeline\\{closure}(Object(Laravel\\Lumen\\Http\\Request))
#5 C:\\dev\\cms-talent-sandbox\\lumen-graphql\\vendor\
uwave\\lighthouse\\src\\Support\\Http\\Middleware\\AcceptJson.php(27): Laravel\\Lumen\\Routing\\Pipeline->Laravel\\Lumen\\Routing\\{closure}(Object(Laravel\\Lumen\\Http\\Request))
#6 C:\\dev\\cms-talent-sandbox\\lumen-graphql\\vendor\\illuminate\\pipeline\\Pipeline.php(167): Nuwave\\Lighthouse\\Support\\Http\\Middleware\\AcceptJson->handle(Object(Laravel\\Lumen\\Http\\Request), Object(Closure))
#7 C:\\dev\\cms-talent-sandbox\\lumen-graphql\\vendor\\laravel\\lumen-framework\\src\\Routing\\Pipeline.php(30): Illuminate\\Pipeline\\Pipeline->Illuminate\\Pipeline\\{closure}(Object(Laravel\\Lumen\\Http\\Request))
#8 C:\\dev\\cms-talent-sandbox\\lumen-graphql\\vendor\\illuminate\\pipeline\\Pipeline.php(103): Laravel\\Lumen\\Routing\\Pipeline->Laravel\\Lumen\\Routing\\{closure}(Object(Laravel\\Lumen\\Http\\Request))
#9 C:\\dev\\cms-talent-sandbox\\lumen-graphql\\vendor\\laravel\\lumen-framework\\src\\Concerns\\RoutesRequests.php(423): Illuminate\\Pipeline\\Pipeline->then(Object(Closure))
#10 C:\\dev\\cms-talent-sandbox\\lumen-graphql\\vendor\\laravel\\lumen-framework\\src\\Concerns\\RoutesRequests.php(260): Laravel\\Lumen\\Application->sendThroughPipeline(Array, Object(Closure))
#11 C:\\dev\\cms-talent-sandbox\\lumen-graphql\\vendor\\laravel\\lumen-framework\\src\\Concerns\\RoutesRequests.php(166): Laravel\\Lumen\\Application->handleFoundRoute(Array)
#12 C:\\dev\\cms-talent-sandbox\\lumen-graphql\\vendor\\laravel\\lumen-framework\\src\\Concerns\\RoutesRequests.php(426): Laravel\\Lumen\\Application->Laravel\\Lumen\\Concerns\\{closure}(Object(Laravel\\Lumen\\Http\\Request))
#13 C:\\dev\\cms-talent-sandbox\\lumen-graphql\\vendor\\laravel\\lumen-framework\\src\\Concerns\\RoutesRequests.php(172): Laravel\\Lumen\\Application->sendThroughPipeline(Array, Object(Closure))
#14 C:\\dev\\cms-talent-sandbox\\lumen-graphql\\vendor\\laravel\\lumen-framework\\src\\Concerns\\RoutesRequests.php(109): Laravel\\Lumen\\Application->dispatch(NULL)
#15 C:\\dev\\cms-talent-sandbox\\lumen-graphql\\public\\index.php(28): Laravel\\Lumen\\Application->run()
#16 {main}
"} 
[2021-05-04 21:20:36] local.ERROR: Auth driver [api] for guard [api] is not defined. {"exception":"[object] (InvalidArgumentException(code: 0): Auth driver [api] for guard [api] is not defined. at C:\\dev\\cms-talent-sandbox\\lumen-graphql\\vendor\\illuminate\\auth\\AuthManager.php:97)
[stacktrace]
#0 C:\\dev\\cms-talent-sandbox\\lumen-graphql\\vendor\\illuminate\\auth\\AuthManager.php(68): Illuminate\\Auth\\AuthManager->resolve('api')
#1 C:\\dev\\cms-talent-sandbox\\lumen-graphql\\vendor\
uwave\\lighthouse\\src\\Support\\Http\\Middleware\\AttemptAuthentication.php(45): Illuminate\\Auth\\AuthManager->guard('api')
#2 C:\\dev\\cms-talent-sandbox\\lumen-graphql\\vendor\
uwave\\lighthouse\\src\\Support\\Http\\Middleware\\AttemptAuthentication.php(30): Nuwave\\Lighthouse\\Support\\Http\\Middleware\\AttemptAuthentication->attemptAuthentication(Array)
#3 C:\\dev\\cms-talent-sandbox\\lumen-graphql\\vendor\\illuminate\\pipeline\\Pipeline.php(167): Nuwave\\Lighthouse\\Support\\Http\\Middleware\\AttemptAuthentication->handle(Object(Laravel\\Lumen\\Http\\Request), Object(Closure))
#4 C:\\dev\\cms-talent-sandbox\\lumen-graphql\\vendor\\laravel\\lumen-framework\\src\\Routing\\Pipeline.php(30): Illuminate\\Pipeline\\Pipeline->Illuminate\\Pipeline\\{closure}(Object(Laravel\\Lumen\\Http\\Request))
#5 C:\\dev\\cms-talent-sandbox\\lumen-graphql\\vendor\
uwave\\lighthouse\\src\\Support\\Http\\Middleware\\AcceptJson.php(27): Laravel\\Lumen\\Routing\\Pipeline->Laravel\\Lumen\\Routing\\{closure}(Object(Laravel\\Lumen\\Http\\Request))
#6 C:\\dev\\cms-talent-sandbox\\lumen-graphql\\vendor\\illuminate\\pipeline\\Pipeline.php(167): Nuwave\\Lighthouse\\Support\\Http\\Middleware\\AcceptJson->handle(Object(Laravel\\Lumen\\Http\\Request), Object(Closure))
#7 C:\\dev\\cms-talent-sandbox\\lumen-graphql\\vendor\\laravel\\lumen-framework\\src\\Routing\\Pipeline.php(30): Illuminate\\Pipeline\\Pipeline->Illuminate\\Pipeline\\{closure}(Object(Laravel\\Lumen\\Http\\Request))
#8 C:\\dev\\cms-talent-sandbox\\lumen-graphql\\vendor\\illuminate\\pipeline\\Pipeline.php(103): Laravel\\Lumen\\Routing\\Pipeline->Laravel\\Lumen\\Routing\\{closure}(Object(Laravel\\Lumen\\Http\\Request))
#9 C:\\dev\\cms-talent-sandbox\\lumen-graphql\\vendor\\laravel\\lumen-framework\\src\\Concerns\\RoutesRequests.php(423): Illuminate\\Pipeline\\Pipeline->then(Object(Closure))
#10 C:\\dev\\cms-talent-sandbox\\lumen-graphql\\vendor\\laravel\\lumen-framework\\src\\Concerns\\RoutesRequests.php(260): Laravel\\Lumen\\Application->sendThroughPipeline(Array, Object(Closure))
#11 C:\\dev\\cms-talent-sandbox\\lumen-graphql\\vendor\\laravel\\lumen-framework\\src\\Concerns\\RoutesRequests.php(166): Laravel\\Lumen\\Application->handleFoundRoute(Array)
#12 C:\\dev\\cms-talent-sandbox\\lumen-graphql\\vendor\\laravel\\lumen-framework\\src\\Concerns\\RoutesRequests.php(426): Laravel\\Lumen\\Application->Laravel\\Lumen\\Concerns\\{closure}(Object(Laravel\\Lumen\\Http\\Request))
#13 C:\\dev\\cms-talent-sandbox\\lumen-graphql\\vendor\\laravel\\lumen-framework\\src\\Concerns\\RoutesRequests.php(172): Laravel\\Lumen\\Application->sendThroughPipeline(Array, Object(Closure))
#14 C:\\dev\\cms-talent-sandbox\\lumen-graphql\\vendor\\laravel\\lumen-framework\\src\\Concerns\\RoutesRequests.php(109): Laravel\\Lumen\\Application->dispatch(NULL)
#15 C:\\dev\\cms-talent-sandbox\\lumen-graphql\\public\\index.php(28): Laravel\\Lumen\\Application->run()
#16 {main}
"} 
[2021-05-04 21:26:54] local.ERROR: Auth driver [api] for guard [api] is not defined. {"exception":"[object] (InvalidArgumentException(code: 0): Auth driver [api] for guard [api] is not defined. at C:\\dev\\cms-talent-sandbox\\lumen-graphql\\vendor\\illuminate\\auth\\AuthManager.php:97)
[stacktrace]
#0 C:\\dev\\cms-talent-sandbox\\lumen-graphql\\vendor\\illuminate\\auth\\AuthManager.php(68): Illuminate\\Auth\\AuthManager->resolve('api')
#1 C:\\dev\\cms-talent-sandbox\\lumen-graphql\\vendor\
uwave\\lighthouse\\src\\Support\\Http\\Middleware\\AttemptAuthentication.php(45): Illuminate\\Auth\\AuthManager->guard('api')
#2 C:\\dev\\cms-talent-sandbox\\lumen-graphql\\vendor\
uwave\\lighthouse\\src\\Support\\Http\\Middleware\\AttemptAuthentication.php(30): Nuwave\\Lighthouse\\Support\\Http\\Middleware\\AttemptAuthentication->attemptAuthentication(Array)
#3 C:\\dev\\cms-talent-sandbox\\lumen-graphql\\vendor\\illuminate\\pipeline\\Pipeline.php(167): Nuwave\\Lighthouse\\Support\\Http\\Middleware\\AttemptAuthentication->handle(Object(Laravel\\Lumen\\Http\\Request), Object(Closure))
#4 C:\\dev\\cms-talent-sandbox\\lumen-graphql\\vendor\\laravel\\lumen-framework\\src\\Routing\\Pipeline.php(30): Illuminate\\Pipeline\\Pipeline->Illuminate\\Pipeline\\{closure}(Object(Laravel\\Lumen\\Http\\Request))
#5 C:\\dev\\cms-talent-sandbox\\lumen-graphql\\vendor\
uwave\\lighthouse\\src\\Support\\Http\\Middleware\\AcceptJson.php(27): Laravel\\Lumen\\Routing\\Pipeline->Laravel\\Lumen\\Routing\\{closure}(Object(Laravel\\Lumen\\Http\\Request))
#6 C:\\dev\\cms-talent-sandbox\\lumen-graphql\\vendor\\illuminate\\pipeline\\Pipeline.php(167): Nuwave\\Lighthouse\\Support\\Http\\Middleware\\AcceptJson->handle(Object(Laravel\\Lumen\\Http\\Request), Object(Closure))
#7 C:\\dev\\cms-talent-sandbox\\lumen-graphql\\vendor\\laravel\\lumen-framework\\src\\Routing\\Pipeline.php(30): Illuminate\\Pipeline\\Pipeline->Illuminate\\Pipeline\\{closure}(Object(Laravel\\Lumen\\Http\\Request))
#8 C:\\dev\\cms-talent-sandbox\\lumen-graphql\\vendor\\illuminate\\pipeline\\Pipeline.php(103): Laravel\\Lumen\\Routing\\Pipeline->Laravel\\Lumen\\Routing\\{closure}(Object(Laravel\\Lumen\\Http\\Request))
#9 C:\\dev\\cms-talent-sandbox\\lumen-graphql\\vendor\\laravel\\lumen-framework\\src\\Concerns\\RoutesRequests.php(423): Illuminate\\Pipeline\\Pipeline->then(Object(Closure))
#10 C:\\dev\\cms-talent-sandbox\\lumen-graphql\\vendor\\laravel\\lumen-framework\\src\\Concerns\\RoutesRequests.php(260): Laravel\\Lumen\\Application->sendThroughPipeline(Array, Object(Closure))
#11 C:\\dev\\cms-talent-sandbox\\lumen-graphql\\vendor\\laravel\\lumen-framework\\src\\Concerns\\RoutesRequests.php(166): Laravel\\Lumen\\Application->handleFoundRoute(Array)
#12 C:\\dev\\cms-talent-sandbox\\lumen-graphql\\vendor\\laravel\\lumen-framework\\src\\Concerns\\RoutesRequests.php(426): Laravel\\Lumen\\Application->Laravel\\Lumen\\Concerns\\{closure}(Object(Laravel\\Lumen\\Http\\Request))
#13 C:\\dev\\cms-talent-sandbox\\lumen-graphql\\vendor\\laravel\\lumen-framework\\src\\Concerns\\RoutesRequests.php(172): Laravel\\Lumen\\Application->sendThroughPipeline(Array, Object(Closure))
#14 C:\\dev\\cms-talent-sandbox\\lumen-graphql\\vendor\\laravel\\lumen-framework\\src\\Concerns\\RoutesRequests.php(109): Laravel\\Lumen\\Application->dispatch(NULL)
#15 C:\\dev\\cms-talent-sandbox\\lumen-graphql\\public\\index.php(28): Laravel\\Lumen\\Application->run()
#16 {main}
"} 
[2021-05-04 21:37:05] local.ERROR: Auth driver [api] for guard [api] is not defined. {"exception":"[object] (InvalidArgumentException(code: 0): Auth driver [api] for guard [api] is not defined. at C:\\dev\\cms-talent-sandbox\\lumen-graphql\\vendor\\illuminate\\auth\\AuthManager.php:97)
[stacktrace]
#0 C:\\dev\\cms-talent-sandbox\\lumen-graphql\\vendor\\illuminate\\auth\\AuthManager.php(68): Illuminate\\Auth\\AuthManager->resolve('api')
#1 C:\\dev\\cms-talent-sandbox\\lumen-graphql\\vendor\
uwave\\lighthouse\\src\\Support\\Http\\Middleware\\AttemptAuthentication.php(45): Illuminate\\Auth\\AuthManager->guard('api')
#2 C:\\dev\\cms-talent-sandbox\\lumen-graphql\\vendor\
uwave\\lighthouse\\src\\Support\\Http\\Middleware\\AttemptAuthentication.php(30): Nuwave\\Lighthouse\\Support\\Http\\Middleware\\AttemptAuthentication->attemptAuthentication(Array)
#3 C:\\dev\\cms-talent-sandbox\\lumen-graphql\\vendor\\illuminate\\pipeline\\Pipeline.php(167): Nuwave\\Lighthouse\\Support\\Http\\Middleware\\AttemptAuthentication->handle(Object(Laravel\\Lumen\\Http\\Request), Object(Closure))
#4 C:\\dev\\cms-talent-sandbox\\lumen-graphql\\vendor\\laravel\\lumen-framework\\src\\Routing\\Pipeline.php(30): Illuminate\\Pipeline\\Pipeline->Illuminate\\Pipeline\\{closure}(Object(Laravel\\Lumen\\Http\\Request))
#5 C:\\dev\\cms-talent-sandbox\\lumen-graphql\\vendor\
uwave\\lighthouse\\src\\Support\\Http\\Middleware\\AcceptJson.php(27): Laravel\\Lumen\\Routing\\Pipeline->Laravel\\Lumen\\Routing\\{closure}(Object(Laravel\\Lumen\\Http\\Request))
#6 C:\\dev\\cms-talent-sandbox\\lumen-graphql\\vendor\\illuminate\\pipeline\\Pipeline.php(167): Nuwave\\Lighthouse\\Support\\Http\\Middleware\\AcceptJson->handle(Object(Laravel\\Lumen\\Http\\Request), Object(Closure))
#7 C:\\dev\\cms-talent-sandbox\\lumen-graphql\\vendor\\laravel\\lumen-framework\\src\\Routing\\Pipeline.php(30): Illuminate\\Pipeline\\Pipeline->Illuminate\\Pipeline\\{closure}(Object(Laravel\\Lumen\\Http\\Request))
#8 C:\\dev\\cms-talent-sandbox\\lumen-graphql\\vendor\\illuminate\\pipeline\\Pipeline.php(103): Laravel\\Lumen\\Routing\\Pipeline->Laravel\\Lumen\\Routing\\{closure}(Object(Laravel\\Lumen\\Http\\Request))
#9 C:\\dev\\cms-talent-sandbox\\lumen-graphql\\vendor\\laravel\\lumen-framework\\src\\Concerns\\RoutesRequests.php(423): Illuminate\\Pipeline\\Pipeline->then(Object(Closure))
#10 C:\\dev\\cms-talent-sandbox\\lumen-graphql\\vendor\\laravel\\lumen-framework\\src\\Concerns\\RoutesRequests.php(260): Laravel\\Lumen\\Application->sendThroughPipeline(Array, Object(Closure))
#11 C:\\dev\\cms-talent-sandbox\\lumen-graphql\\vendor\\laravel\\lumen-framework\\src\\Concerns\\RoutesRequests.php(166): Laravel\\Lumen\\Application->handleFoundRoute(Array)
#12 C:\\dev\\cms-talent-sandbox\\lumen-graphql\\vendor\\laravel\\lumen-framework\\src\\Concerns\\RoutesRequests.php(426): Laravel\\Lumen\\Application->Laravel\\Lumen\\Concerns\\{closure}(Object(Laravel\\Lumen\\Http\\Request))
#13 C:\\dev\\cms-talent-sandbox\\lumen-graphql\\vendor\\laravel\\lumen-framework\\src\\Concerns\\RoutesRequests.php(172): Laravel\\Lumen\\Application->sendThroughPipeline(Array, Object(Closure))
#14 C:\\dev\\cms-talent-sandbox\\lumen-graphql\\vendor\\laravel\\lumen-framework\\src\\Concerns\\RoutesRequests.php(109): Laravel\\Lumen\\Application->dispatch(NULL)
#15 C:\\dev\\cms-talent-sandbox\\lumen-graphql\\public\\index.php(28): Laravel\\Lumen\\Application->run()
#16 {main}
"} 
